<?xml version="1.0" encoding="UTF-8"?>
<!-- Generated by org.testng.reporters.JUnitReportReporter -->
<testsuite hostname="MSI" failures="0" tests="3" name="rahulshettyacademy.tests.SubmitOrderTest" time="35.917" errors="0" timestamp="2024-09-20T01:08:20 IST" skipped="0">
  <testcase classname="rahulshettyacademy.tests.SubmitOrderTest" name="submitOrder" time="15.476"/>
  <system-out/>
  <testcase classname="rahulshettyacademy.tests.SubmitOrderTest" name="submitOrder" time="18.076"/>
  <system-out/>
  <testcase classname="rahulshettyacademy.tests.SubmitOrderTest" name="orderHistoryTest" time="2.365"/>
  <system-out/>
</testsuite> <!-- rahulshettyacademy.tests.SubmitOrderTest -->
